<?xml version="1.0" encoding="UTF-8" ?>
<testsuites>
  <testsuite errors="1" failures="0" hostname="localhost.localdomain" id="0" name="AdminControllerTests" package="menu.manager" tests="1" time="1.561" timestamp="2011-02-22T13:27:20">
      <properties />

      <testcase classname="menu.manager.AdminControllerTests" name="testIndex" time="1.544">
          <error message="Cannot invoke method startsWith() on null object" type="java.lang.NullPointerException">java.lang.NullPointerException: Cannot invoke method startsWith() on null object
	at menu.manager.AdminControllerTests.testIndex(AdminControllerTests.groovy:19)
</error>

      </testcase>

      <system-out><![CDATA[--Output from testIndex--
]]></system-out>

      <system-err><![CDATA[--Output from testIndex--
]]></system-err>

  </testsuite>
</testsuites>
